module.js:328
    throw err;
    ^

Error: Cannot find module 'express'
    at Function.Module._resolveFilename (module.js:326:15)
    at Function.Module._load (module.js:277:25)
    at Module.require (module.js:354:17)
    at require (internal/module.js:12:17)
    at Object.<anonymous> (/home/tplap/tunnel/server.js:1:73)
    at Module._compile (module.js:410:26)
    at Object.Module._extensions..js (module.js:417:10)
    at Module.load (module.js:344:32)
    at Function.Module._load (module.js:301:12)
    at Function.Module.runMain (module.js:442:10)
[ '/usr/bin/nodejs', '/home/tplap/tunnel/server.js' ]
reflecting http://127.0.0.1:80 on 8080
{ StatusCodeError: 404 - "<h1>Not Found</h1><p>The requested URL /analyzed-tweets was not found on this server.</p>"
    at new StatusCodeError (/home/tplap/tunnel/node_modules/request-promise-core/lib/errors.js:32:15)
    at Request.plumbing.callback (/home/tplap/tunnel/node_modules/request-promise-core/lib/plumbing.js:104:33)
    at Request.RP$callback [as _callback] (/home/tplap/tunnel/node_modules/request-promise-core/lib/plumbing.js:46:31)
    at Request.self.callback (/home/tplap/tunnel/node_modules/request/request.js:186:22)
    at emitTwo (events.js:106:13)
    at Request.emit (events.js:192:7)
    at Request.<anonymous> (/home/tplap/tunnel/node_modules/request/request.js:1081:10)
    at emitOne (events.js:96:13)
    at Request.emit (events.js:189:7)
    at IncomingMessage.<anonymous> (/home/tplap/tunnel/node_modules/request/request.js:1001:12)
    at Object.onceWrapper (events.js:291:19)
    at emitNone (events.js:91:20)
    at IncomingMessage.emit (events.js:186:7)
    at endReadableNT (_stream_readable.js:974:12)
    at _combinedTickCallback (internal/process/next_tick.js:74:11)
    at process._tickCallback (internal/process/next_tick.js:98:9)
  name: 'StatusCodeError',
  statusCode: 404,
  message: '404 - "<h1>Not Found</h1><p>The requested URL /analyzed-tweets was not found on this server.</p>"',
  error: '<h1>Not Found</h1><p>The requested URL /analyzed-tweets was not found on this server.</p>',
  options: 
   { method: 'GET',
     uri: 'http://127.0.0.1:80/analyzed-tweets',
     callback: [Function: RP$callback],
     transform: undefined,
     simple: true,
     resolveWithFullResponse: false,
     transform2xxOnly: false },
  response: 
   IncomingMessage {
     _readableState: 
      ReadableState {
        objectMode: false,
        highWaterMark: 16384,
        buffer: [Object],
        length: 0,
        pipes: null,
        pipesCount: 0,
        flowing: true,
        ended: true,
        endEmitted: true,
        reading: false,
        sync: false,
        needReadable: false,
        emittedReadable: false,
        readableListening: false,
        resumeScheduled: false,
        defaultEncoding: 'utf8',
        ranOut: false,
        awaitDrain: 0,
        readingMore: false,
        decoder: null,
        encoding: null },
     readable: false,
     domain: null,
     _events: 
      { end: [Object],
        close: [Object],
        data: [Function],
        error: [Function] },
     _eventsCount: 4,
     _maxListeners: undefined,
     socket: 
      Socket {
        connecting: false,
        _hadError: false,
        _handle: null,
        _parent: null,
        _host: null,
        _readableState: [Object],
        readable: false,
        domain: null,
        _events: [Object],
        _eventsCount: 8,
        _maxListeners: undefined,
        _writableState: [Object],
        writable: false,
        allowHalfOpen: false,
        destroyed: true,
        _bytesDispatched: 72,
        _sockname: null,
        _pendingData: null,
        _pendingEncoding: '',
        server: null,
        _server: null,
        parser: null,
        _httpMessage: [Object],
        read: [Function],
        _consuming: true,
        _idleNext: null,
        _idlePrev: null,
        _idleTimeout: -1 },
     connection: 
      Socket {
        connecting: false,
        _hadError: false,
        _handle: null,
        _parent: null,
        _host: null,
        _readableState: [Object],
        readable: false,
        domain: null,
        _events: [Object],
        _eventsCount: 8,
        _maxListeners: undefined,
        _writableState: [Object],
        writable: false,
        allowHalfOpen: false,
        destroyed: true,
        _bytesDispatched: 72,
        _sockname: null,
        _pendingData: null,
        _pendingEncoding: '',
        server: null,
        _server: null,
        parser: null,
        _httpMessage: [Object],
        read: [Function],
        _consuming: true,
        _idleNext: null,
        _idlePrev: null,
        _idleTimeout: -1 },
     httpVersionMajor: 1,
     httpVersionMinor: 1,
     httpVersion: '1.1',
     complete: true,
     headers: 
      { date: 'Sun, 05 Feb 2017 09:19:42 GMT',
        server: 'Apache/2.4.18 (Ubuntu)',
        'x-frame-options': 'SAMEORIGIN',
        connection: 'close',
        'transfer-encoding': 'chunked',
        'content-type': 'text/html' },
     rawHeaders: 
      [ 'Date',
        'Sun, 05 Feb 2017 09:19:42 GMT',
        'Server',
        'Apache/2.4.18 (Ubuntu)',
        'X-Frame-Options',
        'SAMEORIGIN',
        'Connection',
        'close',
        'Transfer-Encoding',
        'chunked',
        'Content-Type',
        'text/html' ],
     trailers: {},
     rawTrailers: [],
     upgrade: false,
     url: '',
     method: null,
     statusCode: 404,
     statusMessage: 'Not Found',
     client: 
      Socket {
        connecting: false,
        _hadError: false,
        _handle: null,
        _parent: null,
        _host: null,
        _readableState: [Object],
        readable: false,
        domain: null,
        _events: [Object],
        _eventsCount: 8,
        _maxListeners: undefined,
        _writableState: [Object],
        writable: false,
        allowHalfOpen: false,
        destroyed: true,
        _bytesDispatched: 72,
        _sockname: null,
        _pendingData: null,
        _pendingEncoding: '',
        server: null,
        _server: null,
        parser: null,
        _httpMessage: [Object],
        read: [Function],
        _consuming: true,
        _idleNext: null,
        _idlePrev: null,
        _idleTimeout: -1 },
     _consuming: true,
     _dumped: false,
     req: 
      ClientRequest {
        domain: null,
        _events: [Object],
        _eventsCount: 5,
        _maxListeners: undefined,
        output: [],
        outputEncodings: [],
        outputCallbacks: [],
        outputSize: 0,
        writable: true,
        _last: true,
        upgrading: false,
        chunkedEncoding: false,
        shouldKeepAlive: false,
        useChunkedEncodingByDefault: false,
        sendDate: false,
        _removedHeader: {},
        _contentLength: 0,
        _hasBody: true,
        _trailer: '',
        finished: true,
        _headerSent: true,
        socket: [Object],
        connection: [Object],
        _header: 'GET /analyzed-tweets HTTP/1.1\r\nhost: 127.0.0.1:80\r\nConnection: close\r\n\r\n',
        _headers: [Object],
        _headerNames: [Object],
        _onPendingData: null,
        agent: [Object],
        socketPath: undefined,
        timeout: undefined,
        method: 'GET',
        path: '/analyzed-tweets',
        _ended: true,
        res: [Circular],
        aborted: undefined,
        timeoutCb: null,
        upgradeOrConnect: false,
        parser: null,
        maxHeadersCount: null },
     request: 
      Request {
        domain: null,
        _events: [Object],
        _eventsCount: 5,
        _maxListeners: undefined,
        method: 'GET',
        uri: [Object],
        readable: true,
        writable: true,
        explicitMethod: true,
        _qs: [Object],
        _auth: [Object],
        _oauth: [Object],
        _multipart: [Object],
        _redirect: [Object],
        _tunnel: [Object],
        _rp_resolve: [Function],
        _rp_reject: [Function],
        _rp_promise: [Object],
        _rp_callbackOrig: undefined,
        callback: [Function],
        _rp_options: [Object],
        headers: {},
        setHeader: [Function],
        hasHeader: [Function],
        getHeader: [Function],
        removeHeader: [Function],
        localAddress: undefined,
        pool: {},
        dests: [],
        __isRequestRequest: true,
        _callback: [Function: RP$callback],
        proxy: null,
        tunnel: false,
        setHost: true,
        originalCookieHeader: undefined,
        _disableCookies: true,
        _jar: undefined,
        port: '80',
        host: '127.0.0.1',
        path: '/analyzed-tweets',
        httpModule: [Object],
        agentClass: [Object],
        agent: [Object],
        _started: true,
        href: 'http://127.0.0.1:80/analyzed-tweets',
        req: [Object],
        ntick: true,
        response: [Circular],
        originalHost: '127.0.0.1:80',
        originalHostHeaderName: 'host',
        responseContent: [Circular],
        _destdata: true,
        _ended: true,
        _callbackCalled: true },
     toJSON: [Function: responseToJSON],
     caseless: Caseless { dict: [Object] },
     read: [Function],
     body: '<h1>Not Found</h1><p>The requested URL /analyzed-tweets was not found on this server.</p>' } }
[ '/usr/bin/nodejs', '/home/tplap/tunnel/server.js' ]
reflecting http://127.0.0.1:80 on 8080
[ '/usr/bin/nodejs', '/home/tplap/tunnel/server.js' ]
reflecting http://127.0.0.1:80 on 8080
{ StatusCodeError: 404 - "<h1>Not Found</h1><p>The requested URL /analyzed-tweets was not found on this server.</p>"
    at new StatusCodeError (/home/tplap/tunnel/node_modules/request-promise-core/lib/errors.js:32:15)
    at Request.plumbing.callback (/home/tplap/tunnel/node_modules/request-promise-core/lib/plumbing.js:104:33)
    at Request.RP$callback [as _callback] (/home/tplap/tunnel/node_modules/request-promise-core/lib/plumbing.js:46:31)
    at Request.self.callback (/home/tplap/tunnel/node_modules/request/request.js:186:22)
    at emitTwo (events.js:106:13)
    at Request.emit (events.js:192:7)
    at Request.<anonymous> (/home/tplap/tunnel/node_modules/request/request.js:1081:10)
    at emitOne (events.js:96:13)
    at Request.emit (events.js:189:7)
    at IncomingMessage.<anonymous> (/home/tplap/tunnel/node_modules/request/request.js:1001:12)
    at Object.onceWrapper (events.js:291:19)
    at emitNone (events.js:91:20)
    at IncomingMessage.emit (events.js:186:7)
    at endReadableNT (_stream_readable.js:974:12)
    at _combinedTickCallback (internal/process/next_tick.js:74:11)
    at process._tickCallback (internal/process/next_tick.js:98:9)
  name: 'StatusCodeError',
  statusCode: 404,
  message: '404 - "<h1>Not Found</h1><p>The requested URL /analyzed-tweets was not found on this server.</p>"',
  error: '<h1>Not Found</h1><p>The requested URL /analyzed-tweets was not found on this server.</p>',
  options: 
   { method: 'GET',
     uri: 'http://127.0.0.1:80/analyzed-tweets',
     callback: [Function: RP$callback],
     transform: undefined,
     simple: true,
     resolveWithFullResponse: false,
     transform2xxOnly: false },
  response: 
   IncomingMessage {
     _readableState: 
      ReadableState {
        objectMode: false,
        highWaterMark: 16384,
        buffer: [Object],
        length: 0,
        pipes: null,
        pipesCount: 0,
        flowing: true,
        ended: true,
        endEmitted: true,
        reading: false,
        sync: true,
        needReadable: false,
        emittedReadable: false,
        readableListening: false,
        resumeScheduled: false,
        defaultEncoding: 'utf8',
        ranOut: false,
        awaitDrain: 0,
        readingMore: false,
        decoder: null,
        encoding: null },
     readable: false,
     domain: null,
     _events: 
      { end: [Object],
        close: [Object],
        data: [Function],
        error: [Function] },
     _eventsCount: 4,
     _maxListeners: undefined,
     socket: 
      Socket {
        connecting: false,
        _hadError: false,
        _handle: null,
        _parent: null,
        _host: null,
        _readableState: [Object],
        readable: false,
        domain: null,
        _events: [Object],
        _eventsCount: 8,
        _maxListeners: undefined,
        _writableState: [Object],
        writable: false,
        allowHalfOpen: false,
        destroyed: true,
        _bytesDispatched: 72,
        _sockname: null,
        _pendingData: null,
        _pendingEncoding: '',
        server: null,
        _server: null,
        parser: null,
        _httpMessage: [Object],
        read: [Function],
        _consuming: true,
        _idleNext: null,
        _idlePrev: null,
        _idleTimeout: -1 },
     connection: 
      Socket {
        connecting: false,
        _hadError: false,
        _handle: null,
        _parent: null,
        _host: null,
        _readableState: [Object],
        readable: false,
        domain: null,
        _events: [Object],
        _eventsCount: 8,
        _maxListeners: undefined,
        _writableState: [Object],
        writable: false,
        allowHalfOpen: false,
        destroyed: true,
        _bytesDispatched: 72,
        _sockname: null,
        _pendingData: null,
        _pendingEncoding: '',
        server: null,
        _server: null,
        parser: null,
        _httpMessage: [Object],
        read: [Function],
        _consuming: true,
        _idleNext: null,
        _idlePrev: null,
        _idleTimeout: -1 },
     httpVersionMajor: 1,
     httpVersionMinor: 1,
     httpVersion: '1.1',
     complete: true,
     headers: 
      { date: 'Sun, 05 Feb 2017 09:23:43 GMT',
        server: 'Apache/2.4.18 (Ubuntu)',
        'x-frame-options': 'SAMEORIGIN',
        'content-length': '89',
        connection: 'close',
        'content-type': 'text/html' },
     rawHeaders: 
      [ 'Date',
        'Sun, 05 Feb 2017 09:23:43 GMT',
        'Server',
        'Apache/2.4.18 (Ubuntu)',
        'X-Frame-Options',
        'SAMEORIGIN',
        'Content-Length',
        '89',
        'Connection',
        'close',
        'Content-Type',
        'text/html' ],
     trailers: {},
     rawTrailers: [],
     upgrade: false,
     url: '',
     method: null,
     statusCode: 404,
     statusMessage: 'Not Found',
     client: 
      Socket {
        connecting: false,
        _hadError: false,
        _handle: null,
        _parent: null,
        _host: null,
        _readableState: [Object],
        readable: false,
        domain: null,
        _events: [Object],
        _eventsCount: 8,
        _maxListeners: undefined,
        _writableState: [Object],
        writable: false,
        allowHalfOpen: false,
        destroyed: true,
        _bytesDispatched: 72,
        _sockname: null,
        _pendingData: null,
        _pendingEncoding: '',
        server: null,
        _server: null,
        parser: null,
        _httpMessage: [Object],
        read: [Function],
        _consuming: true,
        _idleNext: null,
        _idlePrev: null,
        _idleTimeout: -1 },
     _consuming: true,
     _dumped: false,
     req: 
      ClientRequest {
        domain: null,
        _events: [Object],
        _eventsCount: 5,
        _maxListeners: undefined,
        output: [],
        outputEncodings: [],
        outputCallbacks: [],
        outputSize: 0,
        writable: true,
        _last: true,
        upgrading: false,
        chunkedEncoding: false,
        shouldKeepAlive: false,
        useChunkedEncodingByDefault: false,
        sendDate: false,
        _removedHeader: {},
        _contentLength: 0,
        _hasBody: true,
        _trailer: '',
        finished: true,
        _headerSent: true,
        socket: [Object],
        connection: [Object],
        _header: 'GET /analyzed-tweets HTTP/1.1\r\nhost: 127.0.0.1:80\r\nConnection: close\r\n\r\n',
        _headers: [Object],
        _headerNames: [Object],
        _onPendingData: null,
        agent: [Object],
        socketPath: undefined,
        timeout: undefined,
        method: 'GET',
        path: '/analyzed-tweets',
        _ended: true,
        res: [Circular],
        aborted: undefined,
        timeoutCb: null,
        upgradeOrConnect: false,
        parser: null,
        maxHeadersCount: null },
     request: 
      Request {
        domain: null,
        _events: [Object],
        _eventsCount: 5,
        _maxListeners: undefined,
        method: 'GET',
        uri: [Object],
        readable: true,
        writable: true,
        explicitMethod: true,
        _qs: [Object],
        _auth: [Object],
        _oauth: [Object],
        _multipart: [Object],
        _redirect: [Object],
        _tunnel: [Object],
        _rp_resolve: [Function],
        _rp_reject: [Function],
        _rp_promise: [Object],
        _rp_callbackOrig: undefined,
        callback: [Function],
        _rp_options: [Object],
        headers: {},
        setHeader: [Function],
        hasHeader: [Function],
        getHeader: [Function],
        removeHeader: [Function],
        localAddress: undefined,
        pool: {},
        dests: [],
        __isRequestRequest: true,
        _callback: [Function: RP$callback],
        proxy: null,
        tunnel: false,
        setHost: true,
        originalCookieHeader: undefined,
        _disableCookies: true,
        _jar: undefined,
        port: '80',
        host: '127.0.0.1',
        path: '/analyzed-tweets',
        httpModule: [Object],
        agentClass: [Object],
        agent: [Object],
        _started: true,
        href: 'http://127.0.0.1:80/analyzed-tweets',
        req: [Object],
        ntick: true,
        response: [Circular],
        originalHost: '127.0.0.1:80',
        originalHostHeaderName: 'host',
        responseContent: [Circular],
        _destdata: true,
        _ended: true,
        _callbackCalled: true },
     toJSON: [Function: responseToJSON],
     caseless: Caseless { dict: [Object] },
     read: [Function],
     body: '<h1>Not Found</h1><p>The requested URL /analyzed-tweets was not found on this server.</p>' } }
{ StatusCodeError: 404 - "<h1>Not Found</h1><p>The requested URL /analyzed-tweets was not found on this server.</p>"
    at new StatusCodeError (/home/tplap/tunnel/node_modules/request-promise-core/lib/errors.js:32:15)
    at Request.plumbing.callback (/home/tplap/tunnel/node_modules/request-promise-core/lib/plumbing.js:104:33)
    at Request.RP$callback [as _callback] (/home/tplap/tunnel/node_modules/request-promise-core/lib/plumbing.js:46:31)
    at Request.self.callback (/home/tplap/tunnel/node_modules/request/request.js:186:22)
    at emitTwo (events.js:106:13)
    at Request.emit (events.js:192:7)
    at Request.<anonymous> (/home/tplap/tunnel/node_modules/request/request.js:1081:10)
    at emitOne (events.js:96:13)
    at Request.emit (events.js:189:7)
    at IncomingMessage.<anonymous> (/home/tplap/tunnel/node_modules/request/request.js:1001:12)
    at Object.onceWrapper (events.js:291:19)
    at emitNone (events.js:91:20)
    at IncomingMessage.emit (events.js:186:7)
    at endReadableNT (_stream_readable.js:974:12)
    at _combinedTickCallback (internal/process/next_tick.js:74:11)
    at process._tickCallback (internal/process/next_tick.js:98:9)
  name: 'StatusCodeError',
  statusCode: 404,
  message: '404 - "<h1>Not Found</h1><p>The requested URL /analyzed-tweets was not found on this server.</p>"',
  error: '<h1>Not Found</h1><p>The requested URL /analyzed-tweets was not found on this server.</p>',
  options: 
   { method: 'GET',
     uri: 'http://127.0.0.1:80/analyzed-tweets',
     callback: [Function: RP$callback],
     transform: undefined,
     simple: true,
     resolveWithFullResponse: false,
     transform2xxOnly: false },
  response: 
   IncomingMessage {
     _readableState: 
      ReadableState {
        objectMode: false,
        highWaterMark: 16384,
        buffer: [Object],
        length: 0,
        pipes: null,
        pipesCount: 0,
        flowing: true,
        ended: true,
        endEmitted: true,
        reading: false,
        sync: true,
        needReadable: false,
        emittedReadable: false,
        readableListening: false,
        resumeScheduled: false,
        defaultEncoding: 'utf8',
        ranOut: false,
        awaitDrain: 0,
        readingMore: false,
        decoder: null,
        encoding: null },
     readable: false,
     domain: null,
     _events: 
      { end: [Object],
        close: [Object],
        data: [Function],
        error: [Function] },
     _eventsCount: 4,
     _maxListeners: undefined,
     socket: 
      Socket {
        connecting: false,
        _hadError: false,
        _handle: null,
        _parent: null,
        _host: null,
        _readableState: [Object],
        readable: false,
        domain: null,
        _events: [Object],
        _eventsCount: 8,
        _maxListeners: undefined,
        _writableState: [Object],
        writable: false,
        allowHalfOpen: false,
        destroyed: true,
        _bytesDispatched: 72,
        _sockname: null,
        _pendingData: null,
        _pendingEncoding: '',
        server: null,
        _server: null,
        parser: null,
        _httpMessage: [Object],
        read: [Function],
        _consuming: true,
        _idleNext: null,
        _idlePrev: null,
        _idleTimeout: -1 },
     connection: 
      Socket {
        connecting: false,
        _hadError: false,
        _handle: null,
        _parent: null,
        _host: null,
        _readableState: [Object],
        readable: false,
        domain: null,
        _events: [Object],
        _eventsCount: 8,
        _maxListeners: undefined,
        _writableState: [Object],
        writable: false,
        allowHalfOpen: false,
        destroyed: true,
        _bytesDispatched: 72,
        _sockname: null,
        _pendingData: null,
        _pendingEncoding: '',
        server: null,
        _server: null,
        parser: null,
        _httpMessage: [Object],
        read: [Function],
        _consuming: true,
        _idleNext: null,
        _idlePrev: null,
        _idleTimeout: -1 },
     httpVersionMajor: 1,
     httpVersionMinor: 1,
     httpVersion: '1.1',
     complete: true,
     headers: 
      { date: 'Sun, 05 Feb 2017 09:27:33 GMT',
        server: 'Apache/2.4.18 (Ubuntu)',
        'x-frame-options': 'SAMEORIGIN',
        'content-length': '89',
        connection: 'close',
        'content-type': 'text/html' },
     rawHeaders: 
      [ 'Date',
        'Sun, 05 Feb 2017 09:27:33 GMT',
        'Server',
        'Apache/2.4.18 (Ubuntu)',
        'X-Frame-Options',
        'SAMEORIGIN',
        'Content-Length',
        '89',
        'Connection',
        'close',
        'Content-Type',
        'text/html' ],
     trailers: {},
     rawTrailers: [],
     upgrade: false,
     url: '',
     method: null,
     statusCode: 404,
     statusMessage: 'Not Found',
     client: 
      Socket {
        connecting: false,
        _hadError: false,
        _handle: null,
        _parent: null,
        _host: null,
        _readableState: [Object],
        readable: false,
        domain: null,
        _events: [Object],
        _eventsCount: 8,
        _maxListeners: undefined,
        _writableState: [Object],
        writable: false,
        allowHalfOpen: false,
        destroyed: true,
        _bytesDispatched: 72,
        _sockname: null,
        _pendingData: null,
        _pendingEncoding: '',
        server: null,
        _server: null,
        parser: null,
        _httpMessage: [Object],
        read: [Function],
        _consuming: true,
        _idleNext: null,
        _idlePrev: null,
        _idleTimeout: -1 },
     _consuming: true,
     _dumped: false,
     req: 
      ClientRequest {
        domain: null,
        _events: [Object],
        _eventsCount: 5,
        _maxListeners: undefined,
        output: [],
        outputEncodings: [],
        outputCallbacks: [],
        outputSize: 0,
        writable: true,
        _last: true,
        upgrading: false,
        chunkedEncoding: false,
        shouldKeepAlive: false,
        useChunkedEncodingByDefault: false,
        sendDate: false,
        _removedHeader: {},
        _contentLength: 0,
        _hasBody: true,
        _trailer: '',
        finished: true,
        _headerSent: true,
        socket: [Object],
        connection: [Object],
        _header: 'GET /analyzed-tweets HTTP/1.1\r\nhost: 127.0.0.1:80\r\nConnection: close\r\n\r\n',
        _headers: [Object],
        _headerNames: [Object],
        _onPendingData: null,
        agent: [Object],
        socketPath: undefined,
        timeout: undefined,
        method: 'GET',
        path: '/analyzed-tweets',
        _ended: true,
        res: [Circular],
        aborted: undefined,
        timeoutCb: null,
        upgradeOrConnect: false,
        parser: null,
        maxHeadersCount: null },
     request: 
      Request {
        domain: null,
        _events: [Object],
        _eventsCount: 5,
        _maxListeners: undefined,
        method: 'GET',
        uri: [Object],
        readable: true,
        writable: true,
        explicitMethod: true,
        _qs: [Object],
        _auth: [Object],
        _oauth: [Object],
        _multipart: [Object],
        _redirect: [Object],
        _tunnel: [Object],
        _rp_resolve: [Function],
        _rp_reject: [Function],
        _rp_promise: [Object],
        _rp_callbackOrig: undefined,
        callback: [Function],
        _rp_options: [Object],
        headers: {},
        setHeader: [Function],
        hasHeader: [Function],
        getHeader: [Function],
        removeHeader: [Function],
        localAddress: undefined,
        pool: {},
        dests: [],
        __isRequestRequest: true,
        _callback: [Function: RP$callback],
        proxy: null,
        tunnel: false,
        setHost: true,
        originalCookieHeader: undefined,
        _disableCookies: true,
        _jar: undefined,
        port: '80',
        host: '127.0.0.1',
        path: '/analyzed-tweets',
        httpModule: [Object],
        agentClass: [Object],
        agent: [Object],
        _started: true,
        href: 'http://127.0.0.1:80/analyzed-tweets',
        req: [Object],
        ntick: true,
        response: [Circular],
        originalHost: '127.0.0.1:80',
        originalHostHeaderName: 'host',
        responseContent: [Circular],
        _destdata: true,
        _ended: true,
        _callbackCalled: true },
     toJSON: [Function: responseToJSON],
     caseless: Caseless { dict: [Object] },
     read: [Function],
     body: '<h1>Not Found</h1><p>The requested URL /analyzed-tweets was not found on this server.</p>' } }
{ StatusCodeError: 404 - "<h1>Not Found</h1><p>The requested URL /analyzed-tweets was not found on this server.</p>"
    at new StatusCodeError (/home/tplap/tunnel/node_modules/request-promise-core/lib/errors.js:32:15)
    at Request.plumbing.callback (/home/tplap/tunnel/node_modules/request-promise-core/lib/plumbing.js:104:33)
    at Request.RP$callback [as _callback] (/home/tplap/tunnel/node_modules/request-promise-core/lib/plumbing.js:46:31)
    at Request.self.callback (/home/tplap/tunnel/node_modules/request/request.js:186:22)
    at emitTwo (events.js:106:13)
    at Request.emit (events.js:192:7)
    at Request.<anonymous> (/home/tplap/tunnel/node_modules/request/request.js:1081:10)
    at emitOne (events.js:96:13)
    at Request.emit (events.js:189:7)
    at IncomingMessage.<anonymous> (/home/tplap/tunnel/node_modules/request/request.js:1001:12)
    at Object.onceWrapper (events.js:291:19)
    at emitNone (events.js:91:20)
    at IncomingMessage.emit (events.js:186:7)
    at endReadableNT (_stream_readable.js:974:12)
    at _combinedTickCallback (internal/process/next_tick.js:74:11)
    at process._tickCallback (internal/process/next_tick.js:98:9)
  name: 'StatusCodeError',
  statusCode: 404,
  message: '404 - "<h1>Not Found</h1><p>The requested URL /analyzed-tweets was not found on this server.</p>"',
  error: '<h1>Not Found</h1><p>The requested URL /analyzed-tweets was not found on this server.</p>',
  options: 
   { method: 'GET',
     uri: 'http://127.0.0.1:80/analyzed-tweets',
     callback: [Function: RP$callback],
     transform: undefined,
     simple: true,
     resolveWithFullResponse: false,
     transform2xxOnly: false },
  response: 
   IncomingMessage {
     _readableState: 
      ReadableState {
        objectMode: false,
        highWaterMark: 16384,
        buffer: [Object],
        length: 0,
        pipes: null,
        pipesCount: 0,
        flowing: true,
        ended: true,
        endEmitted: true,
        reading: false,
        sync: true,
        needReadable: false,
        emittedReadable: false,
        readableListening: false,
        resumeScheduled: false,
        defaultEncoding: 'utf8',
        ranOut: false,
        awaitDrain: 0,
        readingMore: false,
        decoder: null,
        encoding: null },
     readable: false,
     domain: null,
     _events: 
      { end: [Object],
        close: [Object],
        data: [Function],
        error: [Function] },
     _eventsCount: 4,
     _maxListeners: undefined,
     socket: 
      Socket {
        connecting: false,
        _hadError: false,
        _handle: null,
        _parent: null,
        _host: null,
        _readableState: [Object],
        readable: false,
        domain: null,
        _events: [Object],
        _eventsCount: 8,
        _maxListeners: undefined,
        _writableState: [Object],
        writable: false,
        allowHalfOpen: false,
        destroyed: true,
        _bytesDispatched: 72,
        _sockname: null,
        _pendingData: null,
        _pendingEncoding: '',
        server: null,
        _server: null,
        parser: null,
        _httpMessage: [Object],
        read: [Function],
        _consuming: true,
        _idleNext: null,
        _idlePrev: null,
        _idleTimeout: -1 },
     connection: 
      Socket {
        connecting: false,
        _hadError: false,
        _handle: null,
        _parent: null,
        _host: null,
        _readableState: [Object],
        readable: false,
        domain: null,
        _events: [Object],
        _eventsCount: 8,
        _maxListeners: undefined,
        _writableState: [Object],
        writable: false,
        allowHalfOpen: false,
        destroyed: true,
        _bytesDispatched: 72,
        _sockname: null,
        _pendingData: null,
        _pendingEncoding: '',
        server: null,
        _server: null,
        parser: null,
        _httpMessage: [Object],
        read: [Function],
        _consuming: true,
        _idleNext: null,
        _idlePrev: null,
        _idleTimeout: -1 },
     httpVersionMajor: 1,
     httpVersionMinor: 1,
     httpVersion: '1.1',
     complete: true,
     headers: 
      { date: 'Sun, 05 Feb 2017 09:27:35 GMT',
        server: 'Apache/2.4.18 (Ubuntu)',
        'x-frame-options': 'SAMEORIGIN',
        connection: 'close',
        'transfer-encoding': 'chunked',
        'content-type': 'text/html' },
     rawHeaders: 
      [ 'Date',
        'Sun, 05 Feb 2017 09:27:35 GMT',
        'Server',
        'Apache/2.4.18 (Ubuntu)',
        'X-Frame-Options',
        'SAMEORIGIN',
        'Connection',
        'close',
        'Transfer-Encoding',
        'chunked',
        'Content-Type',
        'text/html' ],
     trailers: {},
     rawTrailers: [],
     upgrade: false,
     url: '',
     method: null,
     statusCode: 404,
     statusMessage: 'Not Found',
     client: 
      Socket {
        connecting: false,
        _hadError: false,
        _handle: null,
        _parent: null,
        _host: null,
        _readableState: [Object],
        readable: false,
        domain: null,
        _events: [Object],
        _eventsCount: 8,
        _maxListeners: undefined,
        _writableState: [Object],
        writable: false,
        allowHalfOpen: false,
        destroyed: true,
        _bytesDispatched: 72,
        _sockname: null,
        _pendingData: null,
        _pendingEncoding: '',
        server: null,
        _server: null,
        parser: null,
        _httpMessage: [Object],
        read: [Function],
        _consuming: true,
        _idleNext: null,
        _idlePrev: null,
        _idleTimeout: -1 },
     _consuming: true,
     _dumped: false,
     req: 
      ClientRequest {
        domain: null,
        _events: [Object],
        _eventsCount: 5,
        _maxListeners: undefined,
        output: [],
        outputEncodings: [],
        outputCallbacks: [],
        outputSize: 0,
        writable: true,
        _last: true,
        upgrading: false,
        chunkedEncoding: false,
        shouldKeepAlive: false,
        useChunkedEncodingByDefault: false,
        sendDate: false,
        _removedHeader: {},
        _contentLength: 0,
        _hasBody: true,
        _trailer: '',
        finished: true,
        _headerSent: true,
        socket: [Object],
        connection: [Object],
        _header: 'GET /analyzed-tweets HTTP/1.1\r\nhost: 127.0.0.1:80\r\nConnection: close\r\n\r\n',
        _headers: [Object],
        _headerNames: [Object],
        _onPendingData: null,
        agent: [Object],
        socketPath: undefined,
        timeout: undefined,
        method: 'GET',
        path: '/analyzed-tweets',
        _ended: true,
        res: [Circular],
        aborted: undefined,
        timeoutCb: null,
        upgradeOrConnect: false,
        parser: null,
        maxHeadersCount: null },
     request: 
      Request {
        domain: null,
        _events: [Object],
        _eventsCount: 5,
        _maxListeners: undefined,
        method: 'GET',
        uri: [Object],
        readable: true,
        writable: true,
        explicitMethod: true,
        _qs: [Object],
        _auth: [Object],
        _oauth: [Object],
        _multipart: [Object],
        _redirect: [Object],
        _tunnel: [Object],
        _rp_resolve: [Function],
        _rp_reject: [Function],
        _rp_promise: [Object],
        _rp_callbackOrig: undefined,
        callback: [Function],
        _rp_options: [Object],
        headers: {},
        setHeader: [Function],
        hasHeader: [Function],
        getHeader: [Function],
        removeHeader: [Function],
        localAddress: undefined,
        pool: {},
        dests: [],
        __isRequestRequest: true,
        _callback: [Function: RP$callback],
        proxy: null,
        tunnel: false,
        setHost: true,
        originalCookieHeader: undefined,
        _disableCookies: true,
        _jar: undefined,
        port: '80',
        host: '127.0.0.1',
        path: '/analyzed-tweets',
        httpModule: [Object],
        agentClass: [Object],
        agent: [Object],
        _started: true,
        href: 'http://127.0.0.1:80/analyzed-tweets',
        req: [Object],
        ntick: true,
        response: [Circular],
        originalHost: '127.0.0.1:80',
        originalHostHeaderName: 'host',
        responseContent: [Circular],
        _destdata: true,
        _ended: true,
        _callbackCalled: true },
     toJSON: [Function: responseToJSON],
     caseless: Caseless { dict: [Object] },
     read: [Function],
     body: '<h1>Not Found</h1><p>The requested URL /analyzed-tweets was not found on this server.</p>' } }
